RUN	UserSimulation	usersimulation	1638462681637	 	3.6.1
USER	Post comment	START	1638462682907
USER	Put comment	START	1638462682910
USER	Delete comment	START	1638462682912
USER	Get comment	START	1638462682908
USER	Delete comment	START	1638462683390
USER	Get comment	START	1638462683390
USER	Put comment	START	1638462683390
USER	Post comment	START	1638462683405
REQUEST		Post comment	1638462682956	1638462683680	OK	 
USER	Post comment	END	1638462683698
REQUEST		Post comment	1638462682956	1638462683783	OK	 
USER	Delete comment	START	1638462683889
USER	Put comment	START	1638462683889
USER	Get comment	START	1638462683889
REQUEST		Post comment	1638462682956	1638462683887	OK	 
USER	Post comment	START	1638462683905
REQUEST		Post comment	1638462682956	1638462683981	OK	 
REQUEST		Put comment	1638462683843	1638462684081	OK	 
USER	Put comment	END	1638462684082
REQUEST		Post comment	1638462683390	1638462684172	OK	 
REQUEST		Post comment	1638462683390	1638462684276	OK	 
REQUEST		Delete comment	1638462683897	1638462684385	OK	 
USER	Delete comment	END	1638462684388
REQUEST		Post comment	1638462683390	1638462684476	OK	 
REQUEST		Post comment	1638462683406	1638462684580	OK	 
USER	Post comment	END	1638462684582
REQUEST		Get comment	1638462683982	1638462684678	OK	 
USER	Get comment	END	1638462684679
REQUEST		Get comment	1638462684173	1638462684765	OK	 
USER	Get comment	END	1638462684766
REQUEST		Delete comment	1638462684278	1638462684876	OK	 
USER	Delete comment	END	1638462684877
USER	Delete comment	START	1638462684894
USER	Put comment	START	1638462684895
USER	Get comment	START	1638462684894
USER	Post comment	START	1638462684910
REQUEST		Post comment	1638462683890	1638462684981	OK	 
REQUEST		Post comment	1638462683890	1638462685082	OK	 
REQUEST		Post comment	1638462683890	1638462685183	OK	 
REQUEST		Post comment	1638462683906	1638462685275	OK	 
USER	Post comment	END	1638462685276
USER	Get comment	START	1638462685395
REQUEST		Put comment	1638462684477	1638462685397	OK	 
USER	Put comment	START	1638462685395
USER	Delete comment	START	1638462685395
USER	Post comment	START	1638462685396
USER	Put comment	END	1638462685398
REQUEST		Delete comment	1638462684981	1638462685486	OK	 
USER	Delete comment	END	1638462685487
REQUEST		Get comment	1638462685083	1638462685573	OK	 
USER	Get comment	END	1638462685574
REQUEST		Put comment	1638462685184	1638462685683	OK	 
USER	Put comment	END	1638462685684
REQUEST		Post comment	1638462684895	1638462685773	OK	 
REQUEST		Post comment	1638462684895	1638462685872	OK	 
USER	Post comment	START	1638462685895
USER	Put comment	START	1638462685895
USER	Delete comment	START	1638462685895
USER	Get comment	START	1638462685895
REQUEST		Post comment	1638462684895	1638462685977	OK	 
REQUEST		Post comment	1638462684910	1638462686082	OK	 
USER	Post comment	END	1638462686083
REQUEST		Get comment	1638462685774	1638462686176	OK	 
USER	Get comment	END	1638462686177
REQUEST		Delete comment	1638462685873	1638462686262	KO	status.find.in(200,201,202,203,204,205,206,207,208,209,304), found 404
USER	Delete comment	END	1638462686273
REQUEST		Post comment	1638462685397	1638462686374	OK	 
USER	Post comment	END	1638462686376
REQUEST		Post comment	1638462685396	1638462686491	OK	 
REQUEST		Post comment	1638462685396	1638462686571	OK	 
REQUEST		Post comment	1638462685396	1638462686689	OK	 
REQUEST		Put comment	1638462685978	1638462686783	OK	 
USER	Put comment	END	1638462686785
REQUEST		Post comment	1638462685896	1638462686878	OK	 
USER	Get comment	START	1638462686891
USER	Post comment	START	1638462686891
USER	Delete comment	START	1638462686891
USER	Put comment	START	1638462686891
REQUEST		Post comment	1638462685896	1638462686985	OK	 
REQUEST		Post comment	1638462685896	1638462687075	OK	 
REQUEST		Post comment	1638462685896	1638462687197	OK	 
USER	Post comment	END	1638462687198
REQUEST		Put comment	1638462686492	1638462687285	OK	 
USER	Put comment	END	1638462687286
REQUEST		Get comment	1638462686572	1638462687371	OK	 
USER	Get comment	END	1638462687372
USER	Put comment	START	1638462687389
USER	Delete comment	START	1638462687389
USER	Post comment	START	1638462687389
USER	Get comment	START	1638462687389
REQUEST		Delete comment	1638462686690	1638462687477	OK	 
USER	Delete comment	END	1638462687477
REQUEST		Get comment	1638462686880	1638462687564	OK	 
USER	Get comment	END	1638462687565
REQUEST		Put comment	1638462686986	1638462687680	OK	 
USER	Put comment	END	1638462687681
REQUEST		Delete comment	1638462687076	1638462687770	OK	 
USER	Delete comment	END	1638462687771
REQUEST		Post comment	1638462686892	1638462687880	OK	 
USER	Put comment	START	1638462687902
USER	Delete comment	START	1638462687902
USER	Get comment	START	1638462687902
USER	Post comment	START	1638462687902
REQUEST		Post comment	1638462686892	1638462687973	OK	 
USER	Post comment	END	1638462687974
REQUEST		Post comment	1638462686892	1638462688084	OK	 
REQUEST		Post comment	1638462686892	1638462688178	OK	 
REQUEST		Put comment	1638462687881	1638462688272	OK	 
USER	Put comment	END	1638462688273
REQUEST		Post comment	1638462687390	1638462688372	OK	 
REQUEST		Post comment	1638462687390	1638462688472	OK	 
REQUEST		Post comment	1638462687390	1638462688587	OK	 
REQUEST		Post comment	1638462687390	1638462688675	OK	 
USER	Post comment	END	1638462688676
REQUEST		Delete comment	1638462688085	1638462688783	OK	 
USER	Delete comment	END	1638462688784
REQUEST		Get comment	1638462688178	1638462688879	OK	 
USER	Get comment	END	1638462688880
USER	Post comment	START	1638462688907
USER	Get comment	START	1638462688908
USER	Put comment	START	1638462688908
USER	Delete comment	START	1638462688908
REQUEST		Delete comment	1638462688373	1638462688979	OK	 
USER	Delete comment	END	1638462688980
REQUEST		Post comment	1638462687902	1638462689075	OK	 
REQUEST		Post comment	1638462687902	1638462689172	OK	 
USER	Post comment	END	1638462689173
REQUEST		Post comment	1638462687902	1638462689270	OK	 
REQUEST		Post comment	1638462687902	1638462689386	OK	 
USER	Get comment	START	1638462689392
USER	Post comment	START	1638462689392
USER	Put comment	START	1638462689392
USER	Delete comment	START	1638462689392
REQUEST		Put comment	1638462688473	1638462689477	OK	 
USER	Put comment	END	1638462689478
REQUEST		Get comment	1638462688588	1638462689572	OK	 
USER	Get comment	END	1638462689573
REQUEST		Get comment	1638462689076	1638462689667	OK	 
USER	Get comment	END	1638462689668
REQUEST		Put comment	1638462689271	1638462689772	OK	 
USER	Put comment	END	1638462689772
REQUEST		Delete comment	1638462689387	1638462689871	KO	status.find.in(200,201,202,203,204,205,206,207,208,209,304), found 404
USER	Delete comment	END	1638462689873
USER	Delete comment	START	1638462689891
USER	Get comment	START	1638462689891
USER	Put comment	START	1638462689891
USER	Post comment	START	1638462689891
REQUEST		Post comment	1638462688908	1638462689976	OK	 
USER	Post comment	END	1638462689977
REQUEST		Post comment	1638462688909	1638462690100	OK	 
REQUEST		Post comment	1638462688908	1638462690178	OK	 
REQUEST		Post comment	1638462688908	1638462690287	OK	 
REQUEST		Post comment	1638462689392	1638462690377	OK	 
REQUEST		Post comment	1638462689392	1638462690479	OK	 
USER	Post comment	END	1638462690480
REQUEST		Post comment	1638462689392	1638462690580	OK	 
REQUEST		Post comment	1638462689392	1638462690684	OK	 
REQUEST		Delete comment	1638462690101	1638462690765	KO	status.find.in(200,201,202,203,204,205,206,207,208,209,304), found 404
USER	Delete comment	END	1638462690766
REQUEST		Get comment	1638462690179	1638462690876	OK	 
USER	Get comment	END	1638462690877
USER	Get comment	START	1638462690895
USER	Delete comment	START	1638462690895
USER	Put comment	START	1638462690895
USER	Post comment	START	1638462690895
REQUEST		Put comment	1638462690288	1638462690993	OK	 
USER	Put comment	END	1638462690994
REQUEST		Delete comment	1638462690378	1638462691085	OK	 
USER	Delete comment	END	1638462691086
REQUEST		Post comment	1638462689891	1638462691176	OK	 
REQUEST		Post comment	1638462689891	1638462691271	OK	 
USER	Post comment	END	1638462691272
REQUEST		Post comment	1638462689891	1638462691376	OK	 
USER	Get comment	START	1638462691396
USER	Delete comment	START	1638462691396
USER	Post comment	START	1638462691396
USER	Put comment	START	1638462691396
REQUEST		Post comment	1638462689891	1638462691484	OK	 
REQUEST		Get comment	1638462690581	1638462691574	OK	 
USER	Get comment	END	1638462691575
REQUEST		Put comment	1638462690685	1638462691682	OK	 
USER	Put comment	END	1638462691683
REQUEST		Get comment	1638462691177	1638462691772	OK	 
USER	Get comment	END	1638462691774
REQUEST		Put comment	1638462691377	1638462691880	OK	 
USER	Put comment	END	1638462691881
USER	Get comment	START	1638462691899
USER	Delete comment	START	1638462691899
USER	Put comment	START	1638462691899
USER	Post comment	START	1638462691899
REQUEST		Post comment	1638462690895	1638462691977	OK	 
REQUEST		Post comment	1638462690895	1638462692070	OK	 
USER	Post comment	END	1638462692071
REQUEST		Post comment	1638462690895	1638462692179	OK	 
REQUEST		Post comment	1638462690895	1638462692286	OK	 
REQUEST		Delete comment	1638462691486	1638462692381	OK	 
USER	Delete comment	END	1638462692382
REQUEST		Post comment	1638462691397	1638462692482	OK	 
REQUEST		Post comment	1638462691397	1638462692578	OK	 
REQUEST		Post comment	1638462691397	1638462692678	OK	 
REQUEST		Post comment	1638462691397	1638462692783	OK	 
USER	Post comment	END	1638462692784
REQUEST		Get comment	1638462691978	1638462692867	OK	 
USER	Get comment	END	1638462692868
REQUEST		Delete comment	1638462692180	1638462692972	OK	 
USER	Delete comment	END	1638462692973
REQUEST		Put comment	1638462692287	1638462693084	OK	 
USER	Put comment	END	1638462693085
REQUEST		Post comment	1638462691899	1638462693170	OK	 
REQUEST		Post comment	1638462691899	1638462693273	OK	 
REQUEST		Post comment	1638462691899	1638462693377	OK	 
REQUEST		Post comment	1638462691899	1638462693475	OK	 
USER	Post comment	END	1638462693476
REQUEST		Put comment	1638462692483	1638462693575	OK	 
USER	Put comment	END	1638462693576
REQUEST		Get comment	1638462692580	1638462693669	OK	 
USER	Get comment	END	1638462693670
REQUEST		Delete comment	1638462692679	1638462693762	KO	status.find.in(200,201,202,203,204,205,206,207,208,209,304), found 404
USER	Delete comment	END	1638462693763
REQUEST		Put comment	1638462693171	1638462693875	OK	 
USER	Put comment	END	1638462693875
REQUEST		Get comment	1638462693273	1638462693969	OK	 
USER	Get comment	END	1638462693970
REQUEST		Delete comment	1638462693378	1638462694063	KO	status.find.in(200,201,202,203,204,205,206,207,208,209,304), found 404
USER	Delete comment	END	1638462694065
